<?xml version="1.0" encoding="UTF-8"?>
<testng-results skipped="0" failed="0" ignored="0" total="2" passed="2">
  <reporter-output>
  </reporter-output>
  <suite name="com.Automation.SampleDevOps.TestClass" duration-ms="19472" started-at="2019-08-11T13:49:36Z" finished-at="2019-08-11T13:49:56Z">
    <groups>
    </groups>
    <test name="Command line test" duration-ms="19472" started-at="2019-08-11T13:49:36Z" finished-at="2019-08-11T13:49:56Z">
      <class name="com.Automation.SampleDevOps.TestClass">
        <test-method status="PASS" signature="launchBrowse()[pri:0, instance:com.Automation.SampleDevOps.TestClass@340f438e]" name="launchBrowse" is-config="true" duration-ms="3220" started-at="2019-08-11T19:19:36Z" finished-at="2019-08-11T19:19:40Z">
          <reporter-output>
          </reporter-output>
        </test-method> <!-- launchBrowse -->
        <test-method status="PASS" signature="methodTest1()[pri:0, instance:com.Automation.SampleDevOps.TestClass@340f438e]" name="methodTest1" duration-ms="3713" started-at="2019-08-11T19:19:40Z" finished-at="2019-08-11T19:19:43Z">
          <reporter-output>
          </reporter-output>
        </test-method> <!-- methodTest1 -->
        <test-method status="PASS" signature="closeBrowser()[pri:0, instance:com.Automation.SampleDevOps.TestClass@340f438e]" name="closeBrowser" is-config="true" duration-ms="2095" started-at="2019-08-11T19:19:43Z" finished-at="2019-08-11T19:19:45Z">
          <reporter-output>
          </reporter-output>
        </test-method> <!-- closeBrowser -->
        <test-method status="PASS" signature="launchBrowse()[pri:0, instance:com.Automation.SampleDevOps.TestClass@340f438e]" name="launchBrowse" is-config="true" duration-ms="3033" started-at="2019-08-11T19:19:45Z" finished-at="2019-08-11T19:19:48Z">
          <reporter-output>
          </reporter-output>
        </test-method> <!-- launchBrowse -->
        <test-method status="PASS" signature="methodTest2()[pri:0, instance:com.Automation.SampleDevOps.TestClass@340f438e]" name="methodTest2" duration-ms="5261" started-at="2019-08-11T19:19:48Z" finished-at="2019-08-11T19:19:54Z">
          <reporter-output>
          </reporter-output>
        </test-method> <!-- methodTest2 -->
        <test-method status="PASS" signature="closeBrowser()[pri:0, instance:com.Automation.SampleDevOps.TestClass@340f438e]" name="closeBrowser" is-config="true" duration-ms="2124" started-at="2019-08-11T19:19:54Z" finished-at="2019-08-11T19:19:56Z">
          <reporter-output>
          </reporter-output>
        </test-method> <!-- closeBrowser -->
      </class> <!-- com.Automation.SampleDevOps.TestClass -->
    </test> <!-- Command line test -->
  </suite> <!-- com.Automation.SampleDevOps.TestClass -->
</testng-results>
